2024-08-27 00:55:16 - Script started
2024-08-26 13:55:16 - Required files loaded
2024-08-27 00:56:14 - Script started
2024-08-26 13:56:14 - Required files loaded
2024-08-26 13:56:14 - Getting home visits
2024-08-26 13:56:14 - Raw visits data: Array
(
    [0] => Array
        (
            [id] => 1
            [customer_id] => 1
            [visit_date] => 2024-08-26
            [visit_time] => 21:00:00
            [notes] => Prueba
            [status] => programada
            [created_at] => 2024-08-26 13:38:54
            [updated_at] => 2024-08-26 13:38:54
            [customer_name] => Consumidor Final
        )

)

2024-08-26 13:56:14 - Events array created
2024-08-26 13:56:14 - JSON encoded successfully
2024-08-26 13:56:14 - Final output: [
    {
        "title": "Consumidor Final",
        "start": "2024-08-26T21:00:00",
        "url": "https:\/\/taller.whaticket.com.ar\/public\/home_visits.php?action=view&id=1"
    }
]
2024-08-26 13:56:14 - Script ended
2024-08-27 00:56:22 - Script started
2024-08-26 13:56:22 - Required files loaded
2024-08-26 13:56:22 - Getting home visits
2024-08-26 13:56:22 - Raw visits data: Array
(
    [0] => Array
        (
            [id] => 1
            [customer_id] => 1
            [visit_date] => 2024-08-26
            [visit_time] => 21:00:00
            [notes] => Prueba
            [status] => programada
            [created_at] => 2024-08-26 13:38:54
            [updated_at] => 2024-08-26 13:38:54
            [customer_name] => Consumidor Final
        )

)

2024-08-26 13:56:22 - Events array created
2024-08-26 13:56:22 - JSON encoded successfully
2024-08-26 13:56:22 - Final output: [
    {
        "title": "Consumidor Final",
        "start": "2024-08-26T21:00:00",
        "url": "https:\/\/taller.whaticket.com.ar\/public\/home_visits.php?action=view&id=1"
    }
]
2024-08-26 13:56:22 - Script ended
2024-08-27 00:58:58 - Script started
2024-08-26 13:58:58 - Required files loaded
2024-08-26 13:58:58 - Getting home visits
2024-08-26 13:58:58 - Raw visits data: Array
(
    [0] => Array
        (
            [id] => 1
            [customer_id] => 1
            [visit_date] => 2024-08-26
            [visit_time] => 21:00:00
            [notes] => Prueba
            [status] => programada
            [created_at] => 2024-08-26 13:38:54
            [updated_at] => 2024-08-26 13:38:54
            [customer_name] => Consumidor Final
        )

)

2024-08-26 13:58:58 - Events array created
2024-08-26 13:58:58 - JSON encoded successfully
2024-08-26 13:58:58 - Final output: [
    {
        "title": "Consumidor Final",
        "start": "2024-08-26T21:00:00",
        "url": "https:\/\/taller.whaticket.com.ar\/public\/home_visits.php?action=view&id=1"
    }
]
2024-08-26 13:58:58 - Script ended
2024-08-27 00:59:52 - Script started
2024-08-26 13:59:52 - Required files loaded
2024-08-26 13:59:52 - Getting home visits
2024-08-26 13:59:52 - Raw visits data: Array
(
    [0] => Array
        (
            [id] => 1
            [customer_id] => 1
            [visit_date] => 2024-08-26
            [visit_time] => 21:00:00
            [notes] => Prueba
            [status] => programada
            [created_at] => 2024-08-26 13:38:54
            [updated_at] => 2024-08-26 13:38:54
            [customer_name] => Consumidor Final
        )

)

2024-08-26 13:59:52 - Events array created
2024-08-26 13:59:52 - JSON encoded successfully
2024-08-26 13:59:52 - Final output: [
    {
        "title": "Consumidor Final",
        "start": "2024-08-26T21:00:00",
        "url": "https:\/\/taller.whaticket.com.ar\/public\/home_visits.php?action=view&id=1"
    }
]
2024-08-26 13:59:52 - Script ended
2024-08-27 01:02:39 - Script started
2024-08-26 14:02:39 - Required files loaded
2024-08-26 14:02:39 - Getting home visits
2024-08-26 14:02:39 - Raw visits data: Array
(
    [0] => Array
        (
            [id] => 1
            [customer_id] => 1
            [visit_date] => 2024-08-26
            [visit_time] => 21:00:00
            [notes] => Prueba
            [status] => programada
            [created_at] => 2024-08-26 13:38:54
            [updated_at] => 2024-08-26 13:38:54
            [customer_name] => Consumidor Final
        )

)

2024-08-26 14:02:39 - Events array created
2024-08-26 14:02:39 - JSON encoded successfully
2024-08-26 14:02:39 - Final output: [
    {
        "title": "Consumidor Final",
        "start": "2024-08-26T21:00:00",
        "url": "https:\/\/taller.whaticket.com.ar\/public\/home_visits.php?action=view&id=1"
    }
]
2024-08-26 14:02:39 - Script ended
2024-08-27 01:03:08 - Script started
2024-08-26 14:03:08 - Required files loaded
2024-08-26 14:03:08 - Getting home visits
2024-08-26 14:03:08 - Raw visits data: Array
(
    [0] => Array
        (
            [id] => 1
            [customer_id] => 1
            [visit_date] => 2024-08-28
            [visit_time] => 21:00:00
            [notes] => Prueba
            [status] => programada
            [created_at] => 2024-08-26 13:38:54
            [updated_at] => 2024-08-26 14:03:06
            [customer_name] => Consumidor Final
        )

)

2024-08-26 14:03:08 - Events array created
2024-08-26 14:03:08 - JSON encoded successfully
2024-08-26 14:03:08 - Final output: [
    {
        "title": "Consumidor Final",
        "start": "2024-08-28T21:00:00",
        "url": "https:\/\/taller.whaticket.com.ar\/public\/home_visits.php?action=view&id=1"
    }
]
2024-08-26 14:03:08 - Script ended
2024-08-27 01:05:04 - Script started
2024-08-26 14:05:04 - Required files loaded
2024-08-26 14:05:04 - Getting home visits
2024-08-26 14:05:04 - Raw visits data: Array
(
    [0] => Array
        (
            [id] => 1
            [customer_id] => 1
            [visit_date] => 2024-08-28
            [visit_time] => 21:00:00
            [notes] => Prueba
            [status] => programada
            [created_at] => 2024-08-26 13:38:54
            [updated_at] => 2024-08-26 14:03:06
            [customer_name] => Consumidor Final
        )

)

2024-08-26 14:05:04 - Events array created
2024-08-26 14:05:04 - JSON encoded successfully
2024-08-26 14:05:04 - Final output: [
    {
        "title": "Consumidor Final",
        "start": "2024-08-28T21:00:00",
        "url": "https:\/\/taller.whaticket.com.ar\/public\/home_visits.php?action=view&id=1"
    }
]
2024-08-26 14:05:04 - Script ended
2024-08-27 01:06:24 - Script started
2024-08-26 14:06:24 - Required files loaded
2024-08-26 14:06:24 - Getting home visits
2024-08-26 14:06:24 - Raw visits data: Array
(
)

2024-08-26 14:06:24 - Events array created
2024-08-26 14:06:24 - JSON encoded successfully
2024-08-26 14:06:24 - Final output: []
2024-08-26 14:06:24 - Script ended
2024-08-27 01:09:30 - Script started
2024-08-26 14:09:30 - Required files loaded
2024-08-26 14:09:30 - Getting home visits
2024-08-26 14:09:30 - Raw visits data: Array
(
)

2024-08-26 14:09:30 - Events array created
2024-08-26 14:09:30 - JSON encoded successfully
2024-08-26 14:09:30 - Final output: []
2024-08-26 14:09:30 - Script ended
2024-08-27 01:10:11 - Script started
2024-08-26 14:10:11 - Required files loaded
2024-08-26 14:10:11 - Getting home visits
2024-08-26 14:10:11 - Raw visits data: Array
(
)

2024-08-26 14:10:11 - Events array created
2024-08-26 14:10:11 - JSON encoded successfully
2024-08-26 14:10:11 - Final output: []
2024-08-26 14:10:11 - Script ended
2024-08-27 01:41:25 - Script started
2024-08-26 14:41:25 - Required files loaded
2024-08-26 14:41:25 - Getting home visits
2024-08-26 14:41:25 - Raw visits data: Array
(
)

2024-08-26 14:41:25 - Events array created
2024-08-26 14:41:25 - JSON encoded successfully
2024-08-26 14:41:25 - Final output: []
2024-08-26 14:41:25 - Script ended
2024-08-27 02:01:02 - Script started
2024-08-26 15:01:02 - Required files loaded
2024-08-26 15:01:02 - Getting home visits
2024-08-26 15:01:02 - Raw visits data: Array
(
)

2024-08-26 15:01:02 - Events array created
2024-08-26 15:01:02 - JSON encoded successfully
2024-08-26 15:01:02 - Final output: []
2024-08-26 15:01:02 - Script ended
2024-08-27 06:31:01 - Script started
2024-08-26 19:31:01 - Required files loaded
2024-08-26 19:31:01 - Getting home visits
2024-08-26 19:31:01 - Raw visits data: Array
(
)

2024-08-26 19:31:01 - Events array created
2024-08-26 19:31:01 - JSON encoded successfully
2024-08-26 19:31:01 - Final output: []
2024-08-26 19:31:01 - Script ended
2024-08-27 11:34:46 - Script started
2024-08-27 00:34:46 - Required files loaded
2024-08-27 00:34:46 - Getting home visits
2024-08-27 00:34:46 - Raw visits data: Array
(
)

2024-08-27 00:34:46 - Events array created
2024-08-27 00:34:46 - JSON encoded successfully
2024-08-27 00:34:46 - Final output: []
2024-08-27 00:34:46 - Script ended
2024-08-27 19:43:51 - Script started
2024-08-27 08:43:51 - Required files loaded
2024-08-27 08:43:51 - Getting home visits
2024-08-27 08:43:51 - Raw visits data: Array
(
)

2024-08-27 08:43:51 - Events array created
2024-08-27 08:43:51 - JSON encoded successfully
2024-08-27 08:43:51 - Final output: []
2024-08-27 08:43:51 - Script ended
2024-08-27 21:08:53 - Script started
2024-08-27 10:08:53 - Required files loaded
2024-08-27 10:08:53 - Getting home visits
2024-08-27 10:08:53 - Raw visits data: Array
(
)

2024-08-27 10:08:53 - Events array created
2024-08-27 10:08:53 - JSON encoded successfully
2024-08-27 10:08:53 - Final output: []
2024-08-27 10:08:53 - Script ended
2024-08-28 09:55:39 - Script started
2024-08-27 22:55:39 - Required files loaded
2024-08-27 22:55:39 - Getting home visits
2024-08-27 22:55:39 - Raw visits data: Array
(
)

2024-08-27 22:55:39 - Events array created
2024-08-27 22:55:39 - JSON encoded successfully
2024-08-27 22:55:39 - Final output: []
2024-08-27 22:55:39 - Script ended
2024-08-28 21:53:49 - Script started
2024-08-28 21:53:49 - Required files loaded
2024-08-28 21:53:49 - Getting home visits
2024-08-28 21:53:49 - Raw visits data: Array
(
)

2024-08-28 21:53:49 - Events array created
2024-08-28 21:53:49 - JSON encoded successfully
2024-08-28 21:53:49 - Final output: []
2024-08-28 21:53:49 - Script ended
2024-08-29 00:33:35 - Script started
2024-08-29 00:33:35 - Required files loaded
2024-08-29 00:33:35 - Getting home visits
2024-08-29 00:33:35 - Raw visits data: Array
(
)

2024-08-29 00:33:35 - Events array created
2024-08-29 00:33:35 - JSON encoded successfully
2024-08-29 00:33:35 - Final output: []
2024-08-29 00:33:35 - Script ended
2024-08-29 00:36:41 - Script started
2024-08-29 00:36:41 - Required files loaded
2024-08-29 00:36:41 - Getting home visits
2024-08-29 00:36:41 - Raw visits data: Array
(
)

2024-08-29 00:36:41 - Events array created
2024-08-29 00:36:41 - JSON encoded successfully
2024-08-29 00:36:41 - Final output: []
2024-08-29 00:36:41 - Script ended
2024-08-29 00:36:43 - Script started
2024-08-29 00:36:43 - Required files loaded
2024-08-29 00:36:43 - Getting home visits
2024-08-29 00:36:43 - Raw visits data: Array
(
)

2024-08-29 00:36:43 - Events array created
2024-08-29 00:36:43 - JSON encoded successfully
2024-08-29 00:36:43 - Final output: []
2024-08-29 00:36:43 - Script ended
2024-08-29 00:36:47 - Script started
2024-08-29 00:36:47 - Required files loaded
2024-08-29 00:36:47 - Getting home visits
2024-08-29 00:36:47 - Raw visits data: Array
(
)

2024-08-29 00:36:47 - Events array created
2024-08-29 00:36:47 - JSON encoded successfully
2024-08-29 00:36:47 - Final output: []
2024-08-29 00:36:47 - Script ended
2024-08-29 09:52:33 - Script started
2024-08-29 09:52:33 - Required files loaded
2024-08-29 09:52:33 - Getting home visits
2024-08-29 09:52:33 - Raw visits data: Array
(
)

2024-08-29 09:52:33 - Events array created
2024-08-29 09:52:33 - JSON encoded successfully
2024-08-29 09:52:33 - Final output: []
2024-08-29 09:52:33 - Script ended
2024-08-29 11:11:49 - Script started
2024-08-29 11:11:49 - Required files loaded
2024-08-29 11:11:49 - Getting home visits
2024-08-29 11:11:49 - Raw visits data: Array
(
)

2024-08-29 11:11:49 - Events array created
2024-08-29 11:11:49 - JSON encoded successfully
2024-08-29 11:11:49 - Final output: []
2024-08-29 11:11:49 - Script ended
2024-08-29 12:25:34 - Script started
2024-08-29 12:25:34 - Required files loaded
2024-08-29 12:25:34 - Getting home visits
2024-08-29 12:25:34 - Raw visits data: Array
(
)

2024-08-29 12:25:34 - Events array created
2024-08-29 12:25:34 - JSON encoded successfully
2024-08-29 12:25:34 - Final output: []
2024-08-29 12:25:34 - Script ended
2024-08-29 13:00:56 - Script started
2024-08-29 13:00:56 - Required files loaded
2024-08-29 13:00:56 - Getting home visits
2024-08-29 13:00:56 - Raw visits data: Array
(
)

2024-08-29 13:00:56 - Events array created
2024-08-29 13:00:56 - JSON encoded successfully
2024-08-29 13:00:56 - Final output: []
2024-08-29 13:00:56 - Script ended
2024-08-30 10:30:00 - Script started
2024-08-30 10:30:00 - Required files loaded
2024-08-30 10:30:00 - Getting home visits
2024-08-30 10:30:00 - Raw visits data: Array
(
)

2024-08-30 10:30:00 - Events array created
2024-08-30 10:30:00 - JSON encoded successfully
2024-08-30 10:30:00 - Final output: []
2024-08-30 10:30:00 - Script ended
2024-08-30 19:43:48 - Script started
2024-08-30 19:43:48 - Required files loaded
2024-08-30 19:43:48 - Getting home visits
2024-08-30 19:43:48 - Raw visits data: Array
(
)

2024-08-30 19:43:48 - Events array created
2024-08-30 19:43:48 - JSON encoded successfully
2024-08-30 19:43:48 - Final output: []
2024-08-30 19:43:48 - Script ended
2024-08-30 22:51:42 - Script started
2024-08-30 22:51:42 - Required files loaded
2024-08-30 22:51:42 - Getting home visits
2024-08-30 22:51:42 - Raw visits data: Array
(
)

2024-08-30 22:51:42 - Events array created
2024-08-30 22:51:42 - JSON encoded successfully
2024-08-30 22:51:42 - Final output: []
2024-08-30 22:51:42 - Script ended
2024-08-30 22:59:04 - Script started
2024-08-30 22:59:05 - Required files loaded
2024-08-30 22:59:05 - Getting home visits
2024-08-30 22:59:05 - Raw visits data: Array
(
)

2024-08-30 22:59:05 - Events array created
2024-08-30 22:59:05 - JSON encoded successfully
2024-08-30 22:59:05 - Final output: []
2024-08-30 22:59:05 - Script ended
2024-08-31 12:19:28 - Script started
2024-08-31 12:19:28 - Required files loaded
2024-08-31 12:19:28 - Getting home visits
2024-08-31 12:19:28 - Raw visits data: Array
(
)

2024-08-31 12:19:28 - Events array created
2024-08-31 12:19:28 - JSON encoded successfully
2024-08-31 12:19:28 - Final output: []
2024-08-31 12:19:28 - Script ended
2024-08-31 21:23:33 - Script started
2024-08-31 21:23:33 - Required files loaded
2024-08-31 21:23:33 - Getting home visits
2024-08-31 21:23:33 - Raw visits data: Array
(
)

2024-08-31 21:23:33 - Events array created
2024-08-31 21:23:33 - JSON encoded successfully
2024-08-31 21:23:33 - Final output: []
2024-08-31 21:23:33 - Script ended
2024-09-03 14:22:27 - Script started
2024-09-03 14:22:27 - Required files loaded
2024-09-03 14:22:27 - Getting home visits
2024-09-03 14:22:27 - Raw visits data: Array
(
)

2024-09-03 14:22:27 - Events array created
2024-09-03 14:22:27 - JSON encoded successfully
2024-09-03 14:22:27 - Final output: []
2024-09-03 14:22:27 - Script ended
2024-09-03 14:22:30 - Script started
2024-09-03 14:22:30 - Required files loaded
2024-09-03 14:22:30 - Getting home visits
2024-09-03 14:22:30 - Raw visits data: Array
(
)

2024-09-03 14:22:30 - Events array created
2024-09-03 14:22:30 - JSON encoded successfully
2024-09-03 14:22:30 - Final output: []
2024-09-03 14:22:30 - Script ended
2024-09-03 14:22:32 - Script started
2024-09-03 14:22:32 - Required files loaded
2024-09-03 14:22:32 - Getting home visits
2024-09-03 14:22:32 - Raw visits data: Array
(
)

2024-09-03 14:22:32 - Events array created
2024-09-03 14:22:32 - JSON encoded successfully
2024-09-03 14:22:32 - Final output: []
2024-09-03 14:22:32 - Script ended
2024-09-04 23:26:41 - Script started
2024-09-04 23:26:41 - Required files loaded
2024-09-04 23:26:41 - Getting home visits
2024-09-04 23:26:41 - Raw visits data: Array
(
)

2024-09-04 23:26:41 - Events array created
2024-09-04 23:26:41 - JSON encoded successfully
2024-09-04 23:26:41 - Final output: []
2024-09-04 23:26:41 - Script ended
2024-09-05 00:03:14 - Script started
2024-09-05 00:03:14 - Required files loaded
2024-09-05 00:03:14 - Getting home visits
2024-09-05 00:03:14 - Raw visits data: Array
(
)

2024-09-05 00:03:14 - Events array created
2024-09-05 00:03:14 - JSON encoded successfully
2024-09-05 00:03:14 - Final output: []
2024-09-05 00:03:14 - Script ended
2024-09-06 19:50:10 - Script started
2024-09-06 19:50:10 - Required files loaded
2024-09-06 19:50:10 - Getting home visits
2024-09-06 19:50:10 - Raw visits data: Array
(
)

2024-09-06 19:50:10 - Events array created
2024-09-06 19:50:10 - JSON encoded successfully
2024-09-06 19:50:10 - Final output: []
2024-09-06 19:50:10 - Script ended
2024-09-06 19:50:12 - Script started
2024-09-06 19:50:12 - Required files loaded
2024-09-06 19:50:12 - Getting home visits
2024-09-06 19:50:12 - Raw visits data: Array
(
)

2024-09-06 19:50:12 - Events array created
2024-09-06 19:50:12 - JSON encoded successfully
2024-09-06 19:50:12 - Final output: []
2024-09-06 19:50:12 - Script ended
2024-09-07 18:30:53 - Script started
2024-09-07 18:30:53 - Required files loaded
2024-09-07 18:30:53 - Getting home visits
2024-09-07 18:30:53 - Raw visits data: Array
(
)

2024-09-07 18:30:53 - Events array created
2024-09-07 18:30:53 - JSON encoded successfully
2024-09-07 18:30:53 - Final output: []
2024-09-07 18:30:53 - Script ended
2024-09-07 23:24:29 - Script started
2024-09-07 23:24:29 - Required files loaded
2024-09-07 23:24:29 - Getting home visits
2024-09-07 23:24:29 - Raw visits data: Array
(
)

2024-09-07 23:24:29 - Events array created
2024-09-07 23:24:29 - JSON encoded successfully
2024-09-07 23:24:29 - Final output: []
2024-09-07 23:24:29 - Script ended
2024-09-08 03:03:26 - Script started
2024-09-08 03:03:27 - Required files loaded
2024-09-08 03:03:27 - Getting home visits
2024-09-08 03:03:27 - Raw visits data: Array
(
    [0] => Array
        (
            [id] => 1
            [customer_id] => 6
            [visit_date] => 2024-09-09
            [visit_time] => 14:30:00
            [notes] => Revisar DVR y Cámaras Hikvision
            [status] => programada
            [created_at] => 2024-09-08 03:02:33
            [updated_at] => 2024-09-08 03:03:11
            [customer_name] => Rodriguez Claudia
        )

)

2024-09-08 03:03:27 - Events array created
2024-09-08 03:03:27 - JSON encoded successfully
2024-09-08 03:03:27 - Final output: [
    {
        "title": "Rodriguez Claudia",
        "start": "2024-09-09T14:30:00",
        "url": "https:\/\/taller.cellcomweb.com.ar\/public\/home_visits.php?action=view&id=1"
    }
]
2024-09-08 03:03:27 - Script ended
2024-09-08 03:03:43 - Script started
2024-09-08 03:03:43 - Required files loaded
2024-09-08 03:03:43 - Getting home visits
2024-09-08 03:03:43 - Raw visits data: Array
(
    [0] => Array
        (
            [id] => 1
            [customer_id] => 6
            [visit_date] => 2024-09-09
            [visit_time] => 14:30:00
            [notes] => Revisar DVR y Cámaras Hikvision
            [status] => programada
            [created_at] => 2024-09-08 03:02:33
            [updated_at] => 2024-09-08 03:03:11
            [customer_name] => Rodriguez Claudia
        )

)

2024-09-08 03:03:43 - Events array created
2024-09-08 03:03:43 - JSON encoded successfully
2024-09-08 03:03:43 - Final output: [
    {
        "title": "Rodriguez Claudia",
        "start": "2024-09-09T14:30:00",
        "url": "https:\/\/taller.cellcomweb.com.ar\/public\/home_visits.php?action=view&id=1"
    }
]
2024-09-08 03:03:43 - Script ended
2024-09-08 03:04:30 - Script started
2024-09-08 03:04:30 - Required files loaded
2024-09-08 03:04:30 - Getting home visits
2024-09-08 03:04:30 - Raw visits data: Array
(
    [0] => Array
        (
            [id] => 1
            [customer_id] => 6
            [visit_date] => 2024-09-09
            [visit_time] => 14:30:00
            [notes] => Revisar DVR y Cámaras Hikvision
            [status] => programada
            [created_at] => 2024-09-08 03:02:33
            [updated_at] => 2024-09-08 03:03:11
            [customer_name] => Rodriguez Claudia
        )

)

2024-09-08 03:04:30 - Events array created
2024-09-08 03:04:30 - JSON encoded successfully
2024-09-08 03:04:30 - Final output: [
    {
        "title": "Rodriguez Claudia",
        "start": "2024-09-09T14:30:00",
        "url": "https:\/\/taller.cellcomweb.com.ar\/public\/home_visits.php?action=view&id=1"
    }
]
2024-09-08 03:04:30 - Script ended
2024-09-08 12:46:42 - Script started
2024-09-08 12:46:42 - Required files loaded
2024-09-08 12:46:42 - Getting home visits
2024-09-08 12:46:42 - Raw visits data: Array
(
    [0] => Array
        (
            [id] => 1
            [customer_id] => 6
            [visit_date] => 2024-09-09
            [visit_time] => 14:30:00
            [notes] => Revisar DVR y Cámaras Hikvision
            [status] => programada
            [created_at] => 2024-09-08 03:02:33
            [updated_at] => 2024-09-08 03:03:11
            [customer_name] => Rodriguez Claudia
        )

)

2024-09-08 12:46:42 - Events array created
2024-09-08 12:46:42 - JSON encoded successfully
2024-09-08 12:46:42 - Final output: [
    {
        "title": "Rodriguez Claudia",
        "start": "2024-09-09T14:30:00",
        "url": "https:\/\/taller.cellcomweb.com.ar\/public\/home_visits.php?action=view&id=1"
    }
]
2024-09-08 12:46:42 - Script ended
2024-09-08 13:03:45 - Script started
2024-09-08 13:03:45 - Required files loaded
2024-09-08 13:03:45 - Getting home visits
2024-09-08 13:03:45 - Raw visits data: Array
(
    [0] => Array
        (
            [id] => 1
            [customer_id] => 6
            [visit_date] => 2024-09-09
            [visit_time] => 14:30:00
            [notes] => Revisar DVR y Cámaras Hikvision
            [status] => programada
            [created_at] => 2024-09-08 03:02:33
            [updated_at] => 2024-09-08 03:03:11
            [customer_name] => Rodriguez Claudia
            [customer_phone] => 543482628711
        )

)

2024-09-08 13:03:45 - Events array created
2024-09-08 13:03:45 - JSON encoded successfully
2024-09-08 13:03:45 - Final output: [
    {
        "title": "Rodriguez Claudia",
        "start": "2024-09-09T14:30:00",
        "url": "https:\/\/taller.cellcomweb.com.ar\/public\/home_visits.php?action=view&id=1"
    }
]
2024-09-08 13:03:45 - Script ended
2024-09-08 13:17:19 - Script started
2024-09-08 13:17:19 - Required files loaded
2024-09-08 13:17:19 - Getting home visits
2024-09-08 13:17:19 - Raw visits data: Array
(
    [0] => Array
        (
            [id] => 1
            [customer_id] => 6
            [visit_date] => 2024-09-09
            [visit_time] => 14:30:00
            [notes] => Revisar Cámaras y DVR Hikvision, ver si ya se puede moder de lugar el Domo
            [status] => programada
            [created_at] => 2024-09-08 13:17:13
            [updated_at] => 2024-09-08 13:17:13
            [access_token] => 42540b8c806e9c444d3a5a2fe908054fb6db967d579c9fd4c7f2e96c81a5d593
            [customer_name] => Rodriguez Claudia
            [customer_phone] => 543482628711
        )

)

2024-09-08 13:17:19 - Events array created
2024-09-08 13:17:19 - JSON encoded successfully
2024-09-08 13:17:19 - Final output: [
    {
        "title": "Rodriguez Claudia",
        "start": "2024-09-09T14:30:00",
        "url": "https:\/\/taller.cellcomweb.com.ar\/public\/home_visits.php?action=view&id=1"
    }
]
2024-09-08 13:17:19 - Script ended
2024-09-08 13:18:31 - Script started
2024-09-08 13:18:31 - Required files loaded
2024-09-08 13:18:31 - Getting home visits
2024-09-08 13:18:31 - Raw visits data: Array
(
    [0] => Array
        (
            [id] => 1
            [customer_id] => 6
            [visit_date] => 2024-09-09
            [visit_time] => 14:30:00
            [notes] => Revisar Cámaras y DVR Hikvision, ver si ya se puede moder de lugar el Domo
            [status] => programada
            [created_at] => 2024-09-08 13:17:13
            [updated_at] => 2024-09-08 13:17:13
            [access_token] => 42540b8c806e9c444d3a5a2fe908054fb6db967d579c9fd4c7f2e96c81a5d593
            [customer_name] => Rodriguez Claudia
            [customer_phone] => 543482628711
        )

)

2024-09-08 13:18:31 - Events array created
2024-09-08 13:18:31 - JSON encoded successfully
2024-09-08 13:18:31 - Final output: [
    {
        "title": "Rodriguez Claudia",
        "start": "2024-09-09T14:30:00",
        "url": "https:\/\/taller.cellcomweb.com.ar\/public\/home_visits.php?action=view&id=1"
    }
]
2024-09-08 13:18:31 - Script ended
2024-09-08 13:20:10 - Script started
2024-09-08 13:20:10 - Required files loaded
2024-09-08 13:20:10 - Getting home visits
2024-09-08 13:20:10 - Raw visits data: Array
(
    [0] => Array
        (
            [id] => 1
            [customer_id] => 6
            [visit_date] => 2024-09-09
            [visit_time] => 14:30:00
            [notes] => Revisar Cámaras y DVR Hikvision, ver si ya se puede moder de lugar el Domo
            [status] => programada
            [created_at] => 2024-09-08 13:17:13
            [updated_at] => 2024-09-08 13:17:13
            [access_token] => 42540b8c806e9c444d3a5a2fe908054fb6db967d579c9fd4c7f2e96c81a5d593
            [customer_name] => Rodriguez Claudia
            [customer_phone] => 543482628711
        )

)

2024-09-08 13:20:10 - Events array created
2024-09-08 13:20:10 - JSON encoded successfully
2024-09-08 13:20:10 - Final output: [
    {
        "title": "Rodriguez Claudia",
        "start": "2024-09-09T14:30:00",
        "url": "https:\/\/taller.cellcomweb.com.ar\/public\/home_visits.php?action=view&id=1"
    }
]
2024-09-08 13:20:10 - Script ended
2024-09-08 13:20:28 - Script started
2024-09-08 13:20:28 - Required files loaded
2024-09-08 13:20:28 - Getting home visits
2024-09-08 13:20:28 - Raw visits data: Array
(
    [0] => Array
        (
            [id] => 1
            [customer_id] => 6
            [visit_date] => 2024-09-09
            [visit_time] => 14:30:00
            [notes] => Revisar Cámaras y DVR Hikvision, ver si ya se puede moder de lugar el Domo
            [status] => programada
            [created_at] => 2024-09-08 13:17:13
            [updated_at] => 2024-09-08 13:17:13
            [access_token] => 42540b8c806e9c444d3a5a2fe908054fb6db967d579c9fd4c7f2e96c81a5d593
            [customer_name] => Rodriguez Claudia
            [customer_phone] => 93482628711
        )

)

2024-09-08 13:20:28 - Events array created
2024-09-08 13:20:28 - JSON encoded successfully
2024-09-08 13:20:28 - Final output: [
    {
        "title": "Rodriguez Claudia",
        "start": "2024-09-09T14:30:00",
        "url": "https:\/\/taller.cellcomweb.com.ar\/public\/home_visits.php?action=view&id=1"
    }
]
2024-09-08 13:20:28 - Script ended
2024-09-08 13:48:03 - Script started
2024-09-08 13:48:03 - Required files loaded
2024-09-08 13:48:03 - Getting home visits
2024-09-08 13:48:03 - Raw visits data: Array
(
    [0] => Array
        (
            [id] => 1
            [customer_id] => 6
            [visit_date] => 2024-09-09
            [visit_time] => 14:30:00
            [notes] => Revisar Cámaras y DVR Hikvision, ver si ya se puede moder de lugar el Domo
            [status] => programada
            [created_at] => 2024-09-08 13:17:13
            [updated_at] => 2024-09-08 13:17:13
            [access_token] => 42540b8c806e9c444d3a5a2fe908054fb6db967d579c9fd4c7f2e96c81a5d593
            [customer_name] => Rodriguez Claudia
            [customer_phone] => 93482628711
        )

)

2024-09-08 13:48:03 - Events array created
2024-09-08 13:48:03 - JSON encoded successfully
2024-09-08 13:48:03 - Final output: [
    {
        "title": "Rodriguez Claudia",
        "start": "2024-09-09T14:30:00",
        "url": "https:\/\/taller.cellcomweb.com.ar\/public\/home_visits.php?action=view&id=1"
    }
]
2024-09-08 13:48:03 - Script ended
