[08-Oct-2024 18:13:52 America/Argentina/Buenos_Aires] [DEBUG SEARCH] Búsqueda iniciada - Término: consu, Tipo: customer
[08-Oct-2024 18:13:52 America/Argentina/Buenos_Aires] [DEBUG SEARCH] Query: SELECT id, name FROM customers WHERE name LIKE :term LIMIT 20
[08-Oct-2024 18:13:52 America/Argentina/Buenos_Aires] [DEBUG SEARCH] Resultados encontrados: 1
[08-Oct-2024 18:14:04 America/Argentina/Buenos_Aires] [DEBUG SEARCH] Búsqueda iniciada - Término: cambio, Tipo: product
[08-Oct-2024 18:14:04 America/Argentina/Buenos_Aires] [DEBUG SEARCH] Query: SELECT id, name, price, stock_quantity FROM products WHERE name LIKE :term OR description LIKE :term OR sku LIKE :term LIMIT 20
[08-Oct-2024 18:14:04 America/Argentina/Buenos_Aires] [DEBUG SEARCH] Resultados encontrados: 4
[08-Oct-2024 18:14:04 America/Argentina/Buenos_Aires] [DEBUG SEARCH] Búsqueda iniciada - Término: cambio , Tipo: product
[08-Oct-2024 18:14:04 America/Argentina/Buenos_Aires] [DEBUG SEARCH] Query: SELECT id, name, price, stock_quantity FROM products WHERE name LIKE :term OR description LIKE :term OR sku LIKE :term LIMIT 20
[08-Oct-2024 18:14:04 America/Argentina/Buenos_Aires] [DEBUG SEARCH] Resultados encontrados: 4
[08-Oct-2024 18:14:08 America/Argentina/Buenos_Aires] [DEBUG SEARCH] Búsqueda iniciada - Término: cambio, Tipo: product
[08-Oct-2024 18:14:08 America/Argentina/Buenos_Aires] [DEBUG SEARCH] Query: SELECT id, name, price, stock_quantity FROM products WHERE name LIKE :term OR description LIKE :term OR sku LIKE :term LIMIT 20
[08-Oct-2024 18:14:08 America/Argentina/Buenos_Aires] [DEBUG SEARCH] Resultados encontrados: 4
[08-Oct-2024 18:14:10 America/Argentina/Buenos_Aires] [DEBUG SEARCH] Búsqueda iniciada - Término: as, Tipo: product
[08-Oct-2024 18:14:10 America/Argentina/Buenos_Aires] [DEBUG SEARCH] Query: SELECT id, name, price, stock_quantity FROM products WHERE name LIKE :term OR description LIKE :term OR sku LIKE :term LIMIT 20
[08-Oct-2024 18:14:10 America/Argentina/Buenos_Aires] [DEBUG SEARCH] Resultados encontrados: 13
[08-Oct-2024 18:14:17 America/Argentina/Buenos_Aires] Venta creada exitosamente. ID: 249
[08-Oct-2024 20:04:19 America/Argentina/Buenos_Aires] [DEBUG SEARCH] Búsqueda iniciada - Término: fi, Tipo: supplier
[08-Oct-2024 20:04:19 America/Argentina/Buenos_Aires] [DEBUG SEARCH] Query: SELECT id, name FROM suppliers WHERE name LIKE :term LIMIT 20
[08-Oct-2024 20:04:19 America/Argentina/Buenos_Aires] [DEBUG SEARCH] Resultados encontrados: 1
[08-Oct-2024 20:04:19 America/Argentina/Buenos_Aires] [DEBUG SEARCH] Búsqueda iniciada - Término: fix, Tipo: supplier
[08-Oct-2024 20:04:19 America/Argentina/Buenos_Aires] [DEBUG SEARCH] Query: SELECT id, name FROM suppliers WHERE name LIKE :term LIMIT 20
[08-Oct-2024 20:04:19 America/Argentina/Buenos_Aires] [DEBUG SEARCH] Resultados encontrados: 1
[08-Oct-2024 20:04:23 America/Argentina/Buenos_Aires] [DEBUG SEARCH] Búsqueda iniciada - Término: modulo, Tipo: product
[08-Oct-2024 20:04:23 America/Argentina/Buenos_Aires] [DEBUG SEARCH] Query: SELECT id, name, price, stock_quantity FROM products WHERE name LIKE :term OR description LIKE :term OR sku LIKE :term LIMIT 20
[08-Oct-2024 20:04:23 America/Argentina/Buenos_Aires] [DEBUG SEARCH] Resultados encontrados: 6
[08-Oct-2024 21:09:23 America/Argentina/Buenos_Aires] Intentando obtener productos. Categoría: , Página: 1, Productos por página: 20
[08-Oct-2024 21:09:23 America/Argentina/Buenos_Aires] Productos obtenidos: 20
[08-Oct-2024 21:10:33 America/Argentina/Buenos_Aires] Intentando obtener productos. Categoría: , Página: 1, Productos por página: 20
[08-Oct-2024 21:10:33 America/Argentina/Buenos_Aires] Productos obtenidos: 20
[08-Oct-2024 21:11:08 America/Argentina/Buenos_Aires] Intentando obtener productos. Categoría: , Página: 1, Productos por página: 20
[08-Oct-2024 21:11:08 America/Argentina/Buenos_Aires] Productos obtenidos: 20
[08-Oct-2024 21:11:13 America/Argentina/Buenos_Aires] Intentando obtener productos. Categoría: , Página: 1, Productos por página: 20
[08-Oct-2024 21:11:13 America/Argentina/Buenos_Aires] Productos obtenidos: 20
[09-Oct-2024 17:57:03 America/Argentina/Buenos_Aires] [DEBUG SEARCH] Búsqueda iniciada - Término: cons, Tipo: customer
[09-Oct-2024 17:57:03 America/Argentina/Buenos_Aires] [DEBUG SEARCH] Query: SELECT id, name FROM customers WHERE name LIKE :term LIMIT 20
[09-Oct-2024 17:57:03 America/Argentina/Buenos_Aires] [DEBUG SEARCH] Resultados encontrados: 1
[09-Oct-2024 17:57:06 America/Argentina/Buenos_Aires] [DEBUG SEARCH] Búsqueda iniciada - Término: a, Tipo: product
[09-Oct-2024 17:57:06 America/Argentina/Buenos_Aires] [DEBUG SEARCH] Query: SELECT id, name, price, stock_quantity FROM products WHERE name LIKE :term OR description LIKE :term OR sku LIKE :term LIMIT 20
[09-Oct-2024 17:57:06 America/Argentina/Buenos_Aires] [DEBUG SEARCH] Resultados encontrados: 20
[09-Oct-2024 17:57:07 America/Argentina/Buenos_Aires] [DEBUG SEARCH] Búsqueda iniciada - Término: auric, Tipo: product
[09-Oct-2024 17:57:07 America/Argentina/Buenos_Aires] [DEBUG SEARCH] Query: SELECT id, name, price, stock_quantity FROM products WHERE name LIKE :term OR description LIKE :term OR sku LIKE :term LIMIT 20
[09-Oct-2024 17:57:07 America/Argentina/Buenos_Aires] [DEBUG SEARCH] Resultados encontrados: 2
[09-Oct-2024 17:57:18 America/Argentina/Buenos_Aires] Venta creada exitosamente. ID: 250
[09-Oct-2024 18:24:05 America/Argentina/Buenos_Aires] [DEBUG SEARCH] Búsqueda iniciada - Término: consum, Tipo: customer
[09-Oct-2024 18:24:05 America/Argentina/Buenos_Aires] [DEBUG SEARCH] Query: SELECT id, name FROM customers WHERE name LIKE :term LIMIT 20
[09-Oct-2024 18:24:05 America/Argentina/Buenos_Aires] [DEBUG SEARCH] Resultados encontrados: 1
[09-Oct-2024 18:24:07 America/Argentina/Buenos_Aires] [DEBUG SEARCH] Búsqueda iniciada - Término: asis, Tipo: product
[09-Oct-2024 18:24:07 America/Argentina/Buenos_Aires] [DEBUG SEARCH] Query: SELECT id, name, price, stock_quantity FROM products WHERE name LIKE :term OR description LIKE :term OR sku LIKE :term LIMIT 20
[09-Oct-2024 18:24:07 America/Argentina/Buenos_Aires] [DEBUG SEARCH] Resultados encontrados: 2
[09-Oct-2024 18:24:13 America/Argentina/Buenos_Aires] Venta creada exitosamente. ID: 251
[10-Oct-2024 09:10:48 America/Argentina/Buenos_Aires] [DEBUG SEARCH] Búsqueda iniciada - Término: consu, Tipo: customer
[10-Oct-2024 09:10:48 America/Argentina/Buenos_Aires] [DEBUG SEARCH] Query: SELECT id, name FROM customers WHERE name LIKE :term LIMIT 20
[10-Oct-2024 09:10:48 America/Argentina/Buenos_Aires] [DEBUG SEARCH] Resultados encontrados: 1
[10-Oct-2024 09:10:51 America/Argentina/Buenos_Aires] [DEBUG SEARCH] Búsqueda iniciada - Término: saldo, Tipo: product
[10-Oct-2024 09:10:51 America/Argentina/Buenos_Aires] [DEBUG SEARCH] Query: SELECT id, name, price, stock_quantity FROM products WHERE name LIKE :term OR description LIKE :term OR sku LIKE :term LIMIT 20
[10-Oct-2024 09:10:51 America/Argentina/Buenos_Aires] [DEBUG SEARCH] Resultados encontrados: 2
[10-Oct-2024 09:10:58 America/Argentina/Buenos_Aires] Venta creada exitosamente. ID: 252
[10-Oct-2024 10:33:04 America/Argentina/Buenos_Aires] [DEBUG SEARCH] Búsqueda iniciada - Término: i, Tipo: customer
[10-Oct-2024 10:33:04 America/Argentina/Buenos_Aires] [DEBUG SEARCH] Query: SELECT id, name FROM customers WHERE name LIKE :term LIMIT 20
[10-Oct-2024 10:33:04 America/Argentina/Buenos_Aires] [DEBUG SEARCH] Resultados encontrados: 20
[10-Oct-2024 10:33:04 America/Argentina/Buenos_Aires] [DEBUG SEARCH] Búsqueda iniciada - Término: im, Tipo: customer
[10-Oct-2024 10:33:04 America/Argentina/Buenos_Aires] [DEBUG SEARCH] Query: SELECT id, name FROM customers WHERE name LIKE :term LIMIT 20
[10-Oct-2024 10:33:04 America/Argentina/Buenos_Aires] [DEBUG SEARCH] Resultados encontrados: 2
[10-Oct-2024 10:33:05 America/Argentina/Buenos_Aires] [DEBUG SEARCH] Búsqueda iniciada - Término: imh, Tipo: customer
[10-Oct-2024 10:33:05 America/Argentina/Buenos_Aires] [DEBUG SEARCH] Query: SELECT id, name FROM customers WHERE name LIKE :term LIMIT 20
[10-Oct-2024 10:33:05 America/Argentina/Buenos_Aires] [DEBUG SEARCH] Resultados encontrados: 1
[10-Oct-2024 10:33:09 America/Argentina/Buenos_Aires] [DEBUG SEARCH] Búsqueda iniciada - Término: celula, Tipo: product
[10-Oct-2024 10:33:09 America/Argentina/Buenos_Aires] [DEBUG SEARCH] Query: SELECT id, name, price, stock_quantity FROM products WHERE name LIKE :term OR description LIKE :term OR sku LIKE :term LIMIT 20
[10-Oct-2024 10:33:09 America/Argentina/Buenos_Aires] [DEBUG SEARCH] Resultados encontrados: 7
[10-Oct-2024 10:35:12 America/Argentina/Buenos_Aires] Venta creada exitosamente. ID: 253
[10-Oct-2024 10:37:44 America/Argentina/Buenos_Aires] [DEBUG SEARCH] Búsqueda iniciada - Término: ed, Tipo: supplier
[10-Oct-2024 10:37:44 America/Argentina/Buenos_Aires] [DEBUG SEARCH] Query: SELECT id, name FROM suppliers WHERE name LIKE :term LIMIT 20
[10-Oct-2024 10:37:44 America/Argentina/Buenos_Aires] [DEBUG SEARCH] Resultados encontrados: 2
[10-Oct-2024 10:37:44 America/Argentina/Buenos_Aires] [DEBUG SEARCH] Búsqueda iniciada - Término: educ, Tipo: supplier
[10-Oct-2024 10:37:44 America/Argentina/Buenos_Aires] [DEBUG SEARCH] Query: SELECT id, name FROM suppliers WHERE name LIKE :term LIMIT 20
[10-Oct-2024 10:37:44 America/Argentina/Buenos_Aires] [DEBUG SEARCH] Resultados encontrados: 1
[10-Oct-2024 10:37:48 America/Argentina/Buenos_Aires] [DEBUG SEARCH] Búsqueda iniciada - Término: modulo m, Tipo: product
[10-Oct-2024 10:37:48 America/Argentina/Buenos_Aires] [DEBUG SEARCH] Query: SELECT id, name, price, stock_quantity FROM products WHERE name LIKE :term OR description LIKE :term OR sku LIKE :term LIMIT 20
[10-Oct-2024 10:37:48 America/Argentina/Buenos_Aires] [DEBUG SEARCH] Resultados encontrados: 1
[10-Oct-2024 17:14:39 America/Argentina/Buenos_Aires] [DEBUG SEARCH] Búsqueda iniciada - Término: ca, Tipo: customer
[10-Oct-2024 17:14:39 America/Argentina/Buenos_Aires] [DEBUG SEARCH] Query: SELECT id, name FROM customers WHERE name LIKE :term LIMIT 20
[10-Oct-2024 17:14:39 America/Argentina/Buenos_Aires] [DEBUG SEARCH] Resultados encontrados: 19
[10-Oct-2024 17:14:40 America/Argentina/Buenos_Aires] [DEBUG SEARCH] Búsqueda iniciada - Término: ca&ntilde;ete, Tipo: customer
[10-Oct-2024 17:14:40 America/Argentina/Buenos_Aires] [DEBUG SEARCH] Query: SELECT id, name FROM customers WHERE name LIKE :term LIMIT 20
[10-Oct-2024 17:14:40 America/Argentina/Buenos_Aires] [DEBUG SEARCH] Resultados encontrados: 0
[10-Oct-2024 17:14:41 America/Argentina/Buenos_Aires] [DEBUG SEARCH] Búsqueda iniciada - Término: ca&ntilde;et, Tipo: customer
[10-Oct-2024 17:14:41 America/Argentina/Buenos_Aires] [DEBUG SEARCH] Query: SELECT id, name FROM customers WHERE name LIKE :term LIMIT 20
[10-Oct-2024 17:14:41 America/Argentina/Buenos_Aires] [DEBUG SEARCH] Resultados encontrados: 0
[10-Oct-2024 17:14:42 America/Argentina/Buenos_Aires] [DEBUG SEARCH] Búsqueda iniciada - Término: ca&ntilde;e, Tipo: customer
[10-Oct-2024 17:14:42 America/Argentina/Buenos_Aires] [DEBUG SEARCH] Query: SELECT id, name FROM customers WHERE name LIKE :term LIMIT 20
[10-Oct-2024 17:14:42 America/Argentina/Buenos_Aires] [DEBUG SEARCH] Resultados encontrados: 0
[10-Oct-2024 17:14:43 America/Argentina/Buenos_Aires] [DEBUG SEARCH] Búsqueda iniciada - Término: ca&ntilde;, Tipo: customer
[10-Oct-2024 17:14:43 America/Argentina/Buenos_Aires] [DEBUG SEARCH] Query: SELECT id, name FROM customers WHERE name LIKE :term LIMIT 20
[10-Oct-2024 17:14:43 America/Argentina/Buenos_Aires] [DEBUG SEARCH] Resultados encontrados: 0
[10-Oct-2024 17:14:53 America/Argentina/Buenos_Aires] [DEBUG SEARCH] Búsqueda iniciada - Término: Mil, Tipo: customer
[10-Oct-2024 17:14:53 America/Argentina/Buenos_Aires] [DEBUG SEARCH] Query: SELECT id, name FROM customers WHERE name LIKE :term LIMIT 20
[10-Oct-2024 17:14:53 America/Argentina/Buenos_Aires] [DEBUG SEARCH] Resultados encontrados: 3
[10-Oct-2024 17:14:54 America/Argentina/Buenos_Aires] [DEBUG SEARCH] Búsqueda iniciada - Término: Milena, Tipo: customer
[10-Oct-2024 17:14:54 America/Argentina/Buenos_Aires] [DEBUG SEARCH] Query: SELECT id, name FROM customers WHERE name LIKE :term LIMIT 20
[10-Oct-2024 17:14:54 America/Argentina/Buenos_Aires] [DEBUG SEARCH] Resultados encontrados: 1
[10-Oct-2024 17:14:57 America/Argentina/Buenos_Aires] [DEBUG SEARCH] Búsqueda iniciada - Término: ca, Tipo: product
[10-Oct-2024 17:14:57 America/Argentina/Buenos_Aires] [DEBUG SEARCH] Query: SELECT id, name, price, stock_quantity FROM products WHERE name LIKE :term OR description LIKE :term OR sku LIKE :term LIMIT 20
[10-Oct-2024 17:14:57 America/Argentina/Buenos_Aires] [DEBUG SEARCH] Resultados encontrados: 20
[10-Oct-2024 17:14:58 America/Argentina/Buenos_Aires] [DEBUG SEARCH] Búsqueda iniciada - Término: cambio, Tipo: product
[10-Oct-2024 17:14:58 America/Argentina/Buenos_Aires] [DEBUG SEARCH] Query: SELECT id, name, price, stock_quantity FROM products WHERE name LIKE :term OR description LIKE :term OR sku LIKE :term LIMIT 20
[10-Oct-2024 17:14:58 America/Argentina/Buenos_Aires] [DEBUG SEARCH] Resultados encontrados: 4
[10-Oct-2024 17:15:05 America/Argentina/Buenos_Aires] Venta creada exitosamente. ID: 254
[10-Oct-2024 17:16:20 America/Argentina/Buenos_Aires] [DEBUG SEARCH] Búsqueda iniciada - Término: o, Tipo: customer
[10-Oct-2024 17:16:20 America/Argentina/Buenos_Aires] [DEBUG SEARCH] Query: SELECT id, name FROM customers WHERE name LIKE :term LIMIT 20
[10-Oct-2024 17:16:20 America/Argentina/Buenos_Aires] [DEBUG SEARCH] Resultados encontrados: 20
[10-Oct-2024 17:16:21 America/Argentina/Buenos_Aires] [DEBUG SEARCH] Búsqueda iniciada - Término: ovando, Tipo: customer
[10-Oct-2024 17:16:21 America/Argentina/Buenos_Aires] [DEBUG SEARCH] Query: SELECT id, name FROM customers WHERE name LIKE :term LIMIT 20
[10-Oct-2024 17:16:21 America/Argentina/Buenos_Aires] [DEBUG SEARCH] Resultados encontrados: 1
[10-Oct-2024 17:16:24 America/Argentina/Buenos_Aires] [DEBUG SEARCH] Búsqueda iniciada - Término: asis, Tipo: product
[10-Oct-2024 17:16:24 America/Argentina/Buenos_Aires] [DEBUG SEARCH] Query: SELECT id, name, price, stock_quantity FROM products WHERE name LIKE :term OR description LIKE :term OR sku LIKE :term LIMIT 20
[10-Oct-2024 17:16:24 America/Argentina/Buenos_Aires] [DEBUG SEARCH] Resultados encontrados: 2
[10-Oct-2024 17:16:30 America/Argentina/Buenos_Aires] Venta creada exitosamente. ID: 255
[10-Oct-2024 18:17:34 America/Argentina/Buenos_Aires] [DEBUG SEARCH] Búsqueda iniciada - Término: Cell, Tipo: supplier
[10-Oct-2024 18:17:34 America/Argentina/Buenos_Aires] [DEBUG SEARCH] Query: SELECT id, name FROM suppliers WHERE name LIKE :term LIMIT 20
[10-Oct-2024 18:17:34 America/Argentina/Buenos_Aires] [DEBUG SEARCH] Resultados encontrados: 2
[10-Oct-2024 18:17:37 America/Argentina/Buenos_Aires] [DEBUG SEARCH] Búsqueda iniciada - Término: Celular, Tipo: product
[10-Oct-2024 18:17:37 America/Argentina/Buenos_Aires] [DEBUG SEARCH] Query: SELECT id, name, price, stock_quantity FROM products WHERE name LIKE :term OR description LIKE :term OR sku LIKE :term LIMIT 20
[10-Oct-2024 18:17:37 America/Argentina/Buenos_Aires] [DEBUG SEARCH] Resultados encontrados: 7
[10-Oct-2024 19:06:19 America/Argentina/Buenos_Aires] [DEBUG SEARCH] Búsqueda iniciada - Término: educo, Tipo: supplier
[10-Oct-2024 19:06:19 America/Argentina/Buenos_Aires] [DEBUG SEARCH] Query: SELECT id, name FROM suppliers WHERE name LIKE :term LIMIT 20
[10-Oct-2024 19:06:19 America/Argentina/Buenos_Aires] [DEBUG SEARCH] Resultados encontrados: 1
[10-Oct-2024 19:06:26 America/Argentina/Buenos_Aires] [DEBUG SEARCH] Búsqueda iniciada - Término: modulo, Tipo: product
[10-Oct-2024 19:06:26 America/Argentina/Buenos_Aires] [DEBUG SEARCH] Query: SELECT id, name, price, stock_quantity FROM products WHERE name LIKE :term OR description LIKE :term OR sku LIKE :term LIMIT 20
[10-Oct-2024 19:06:26 America/Argentina/Buenos_Aires] [DEBUG SEARCH] Resultados encontrados: 6
[10-Oct-2024 19:29:39 America/Argentina/Buenos_Aires] [DEBUG SEARCH] Búsqueda iniciada - Término: c, Tipo: customer
[10-Oct-2024 19:29:39 America/Argentina/Buenos_Aires] [DEBUG SEARCH] Query: SELECT id, name FROM customers WHERE name LIKE :term LIMIT 20
[10-Oct-2024 19:29:39 America/Argentina/Buenos_Aires] [DEBUG SEARCH] Resultados encontrados: 20
[10-Oct-2024 19:29:40 America/Argentina/Buenos_Aires] [DEBUG SEARCH] Búsqueda iniciada - Término: consu, Tipo: customer
[10-Oct-2024 19:29:40 America/Argentina/Buenos_Aires] [DEBUG SEARCH] Query: SELECT id, name FROM customers WHERE name LIKE :term LIMIT 20
[10-Oct-2024 19:29:40 America/Argentina/Buenos_Aires] [DEBUG SEARCH] Resultados encontrados: 1
[10-Oct-2024 19:29:48 America/Argentina/Buenos_Aires] [DEBUG SEARCH] Búsqueda iniciada - Término: saldo, Tipo: product
[10-Oct-2024 19:29:48 America/Argentina/Buenos_Aires] [DEBUG SEARCH] Query: SELECT id, name, price, stock_quantity FROM products WHERE name LIKE :term OR description LIKE :term OR sku LIKE :term LIMIT 20
[10-Oct-2024 19:29:48 America/Argentina/Buenos_Aires] [DEBUG SEARCH] Resultados encontrados: 2
[10-Oct-2024 19:30:03 America/Argentina/Buenos_Aires] [DEBUG SEARCH] Búsqueda iniciada - Término: Consumidor Fina, Tipo: customer
[10-Oct-2024 19:30:03 America/Argentina/Buenos_Aires] [DEBUG SEARCH] Query: SELECT id, name FROM customers WHERE name LIKE :term LIMIT 20
[10-Oct-2024 19:30:03 America/Argentina/Buenos_Aires] [DEBUG SEARCH] Resultados encontrados: 1
[10-Oct-2024 19:30:04 America/Argentina/Buenos_Aires] [DEBUG SEARCH] Búsqueda iniciada - Término: Consumidor Fin, Tipo: customer
[10-Oct-2024 19:30:04 America/Argentina/Buenos_Aires] [DEBUG SEARCH] Query: SELECT id, name FROM customers WHERE name LIKE :term LIMIT 20
[10-Oct-2024 19:30:04 America/Argentina/Buenos_Aires] [DEBUG SEARCH] Resultados encontrados: 1
[10-Oct-2024 19:30:07 America/Argentina/Buenos_Aires] Venta creada exitosamente. ID: 256
[10-Oct-2024 19:31:23 America/Argentina/Buenos_Aires] [DEBUG SEARCH] Búsqueda iniciada - Término: fi, Tipo: supplier
[10-Oct-2024 19:31:23 America/Argentina/Buenos_Aires] [DEBUG SEARCH] Query: SELECT id, name FROM suppliers WHERE name LIKE :term LIMIT 20
[10-Oct-2024 19:31:23 America/Argentina/Buenos_Aires] [DEBUG SEARCH] Resultados encontrados: 1
[10-Oct-2024 19:31:23 America/Argentina/Buenos_Aires] [DEBUG SEARCH] Búsqueda iniciada - Término: fix, Tipo: supplier
[10-Oct-2024 19:31:23 America/Argentina/Buenos_Aires] [DEBUG SEARCH] Query: SELECT id, name FROM suppliers WHERE name LIKE :term LIMIT 20
[10-Oct-2024 19:31:23 America/Argentina/Buenos_Aires] [DEBUG SEARCH] Resultados encontrados: 1
[10-Oct-2024 19:31:26 America/Argentina/Buenos_Aires] [DEBUG SEARCH] Búsqueda iniciada - Término: modulo, Tipo: product
[10-Oct-2024 19:31:26 America/Argentina/Buenos_Aires] [DEBUG SEARCH] Query: SELECT id, name, price, stock_quantity FROM products WHERE name LIKE :term OR description LIKE :term OR sku LIKE :term LIMIT 20
[10-Oct-2024 19:31:26 America/Argentina/Buenos_Aires] [DEBUG SEARCH] Resultados encontrados: 6
[10-Oct-2024 19:31:33 America/Argentina/Buenos_Aires] [DEBUG SEARCH] Búsqueda iniciada - Término: sams, Tipo: product
[10-Oct-2024 19:31:33 America/Argentina/Buenos_Aires] [DEBUG SEARCH] Query: SELECT id, name, price, stock_quantity FROM products WHERE name LIKE :term OR description LIKE :term OR sku LIKE :term LIMIT 20
[10-Oct-2024 19:31:33 America/Argentina/Buenos_Aires] [DEBUG SEARCH] Resultados encontrados: 9
[10-Oct-2024 19:31:37 America/Argentina/Buenos_Aires] [DEBUG SEARCH] Búsqueda iniciada - Término: modul, Tipo: product
[10-Oct-2024 19:31:37 America/Argentina/Buenos_Aires] [DEBUG SEARCH] Query: SELECT id, name, price, stock_quantity FROM products WHERE name LIKE :term OR description LIKE :term OR sku LIKE :term LIMIT 20
[10-Oct-2024 19:31:37 America/Argentina/Buenos_Aires] [DEBUG SEARCH] Resultados encontrados: 6
[11-Oct-2024 12:14:01 America/Argentina/Buenos_Aires] [DEBUG SEARCH] Búsqueda iniciada - Término: sandri, Tipo: customer
[11-Oct-2024 12:14:01 America/Argentina/Buenos_Aires] [DEBUG SEARCH] Query: SELECT id, name FROM customers WHERE name LIKE :term LIMIT 20
[11-Oct-2024 12:14:01 America/Argentina/Buenos_Aires] [DEBUG SEARCH] Resultados encontrados: 1
[11-Oct-2024 12:14:02 America/Argentina/Buenos_Aires] [DEBUG SEARCH] Búsqueda iniciada - Término: sandrio, Tipo: customer
[11-Oct-2024 12:14:02 America/Argentina/Buenos_Aires] [DEBUG SEARCH] Query: SELECT id, name FROM customers WHERE name LIKE :term LIMIT 20
[11-Oct-2024 12:14:02 America/Argentina/Buenos_Aires] [DEBUG SEARCH] Resultados encontrados: 0
[11-Oct-2024 12:14:03 America/Argentina/Buenos_Aires] [DEBUG SEARCH] Búsqueda iniciada - Término: sandri, Tipo: customer
[11-Oct-2024 12:14:03 America/Argentina/Buenos_Aires] [DEBUG SEARCH] Query: SELECT id, name FROM customers WHERE name LIKE :term LIMIT 20
[11-Oct-2024 12:14:03 America/Argentina/Buenos_Aires] [DEBUG SEARCH] Resultados encontrados: 1
[11-Oct-2024 12:14:06 America/Argentina/Buenos_Aires] [DEBUG SEARCH] Búsqueda iniciada - Término: frp, Tipo: product
[11-Oct-2024 12:14:06 America/Argentina/Buenos_Aires] [DEBUG SEARCH] Query: SELECT id, name, price, stock_quantity FROM products WHERE name LIKE :term OR description LIKE :term OR sku LIKE :term LIMIT 20
[11-Oct-2024 12:14:06 America/Argentina/Buenos_Aires] [DEBUG SEARCH] Resultados encontrados: 2
[11-Oct-2024 12:14:14 America/Argentina/Buenos_Aires] Venta creada exitosamente. ID: 257
